<?xml version="1.0" encoding="UTF-8"?>
<!-- Generated by org.testng.reporters.JUnitReportReporter -->
<testsuite skipped="0" hostname="LAPTOP-GK9MKBMT" name="LoginpageTest.ContactpageTest" tests="4" failures="0" timestamp="21 Feb 2024 05:30:08 GMT" time="142.254" errors="0">
  <testcase name="validatecreatenewcontact" time="38.484" classname="LoginpageTest.ContactpageTest"/>
  <testcase name="validatecreatenewcontact" time="36.113" classname="LoginpageTest.ContactpageTest"/>
  <testcase name="validatecreatenewcontact" time="34.989" classname="LoginpageTest.ContactpageTest"/>
  <testcase name="validatecreatenewcontact" time="32.668" classname="LoginpageTest.ContactpageTest"/>
</testsuite> <!-- LoginpageTest.ContactpageTest -->
