<?xml version="1.0" encoding="UTF-8"?>
<!-- Generated by org.testng.reporters.JUnitReportReporter -->
<testsuite skipped="0" hostname="LAPTOP-GK9MKBMT" name="LoginpageTest.testngpratice" tests="1" failures="0" timestamp="20 Feb 2024 11:40:33 GMT" time="29.072" errors="0">
  <testcase name="ValidateDeletecontactnamesTest" time="29.072" classname="LoginpageTest.testngpratice"/>
</testsuite> <!-- LoginpageTest.testngpratice -->
