<?xml version="1.0" encoding="UTF-8"?>
<!-- Generated by org.testng.reporters.JUnitReportReporter -->
<testsuite skipped="0" hostname="LAPTOP-GK9MKBMT" name="LoginpageTest.HomepageTest" tests="3" failures="0" timestamp="18 Dec 2023 10:49:48 GMT" time="80.283" errors="0">
  <testcase name="verifyhomepagetitleTest" time="25.090" classname="LoginpageTest.HomepageTest"/>
  <testcase name="verifyusernameTest" time="25.655" classname="LoginpageTest.HomepageTest"/>
  <testcase name="verifycontactlinkTest" time="29.538" classname="LoginpageTest.HomepageTest"/>
</testsuite> <!-- LoginpageTest.HomepageTest -->
