<?xml version="1.0" encoding="UTF-8"?>
<!-- Generated by org.testng.reporters.JUnitReportReporter -->
<testsuite skipped="0" hostname="LAPTOP-GK9MKBMT" name="LoginpageTest.LoginPageTest" tests="3" failures="0" timestamp="14 Dec 2023 07:58:48 GMT" time="44.258" errors="0">
  <testcase name="logintest" time="23.225" classname="LoginpageTest.LoginPageTest"/>
  <testcase name="CRMlogoimagetest" time="10.635" classname="LoginpageTest.LoginPageTest"/>
  <testcase name="validateloginpagetitletest" time="10.398" classname="LoginpageTest.LoginPageTest"/>
</testsuite> <!-- LoginpageTest.LoginPageTest -->
