<?xml version="1.0" encoding="UTF-8"?>
<!-- Generated by org.testng.reporters.JUnitReportReporter -->
<testsuite skipped="0" hostname="LAPTOP-GK9MKBMT" name="LoginpageTest.ContactpageTest" tests="2" failures="0" timestamp="08 Feb 2024 14:58:22 GMT" time="59.687" errors="0">
  <testcase name="validatecreatenewcontact" time="29.098" classname="LoginpageTest.ContactpageTest"/>
  <testcase name="validatecreatenewcontact" time="30.589" classname="LoginpageTest.ContactpageTest"/>
</testsuite> <!-- LoginpageTest.ContactpageTest -->
