<?xml version="1.0" encoding="UTF-8"?>
<!-- Generated by org.testng.reporters.JUnitReportReporter -->
<testsuite skipped="0" hostname="LAPTOP-GK9MKBMT" name="LoginpageTest.DeletecontactnamesTest" tests="1" failures="0" timestamp="21 Feb 2024 05:30:08 GMT" time="33.108" errors="0">
  <testcase name="ValidateDeletecontactnamesTest" time="33.108" classname="LoginpageTest.DeletecontactnamesTest"/>
</testsuite> <!-- LoginpageTest.DeletecontactnamesTest -->
